;S
1000 v v l 1001
0 0 0 r 0
0 1 1 r 0
0 _ _ l 1
1 1 # r 11
1 0 # r 10
11 _ 1 * 1w
10 _ 0 * 1w
1w 0 0 l 1w
1w 1 1 l 1w
1w # # l 2
2 0 # r 20
2 1 # r 21
20 # 0 * 2w
21 # 1 * 2w
2w 0 0 l 2w
2w 1 1 l 2w
2w # # l 2
2 # # r 1000
1000 _ _ l 1001
1000 0 0 r 1000
1000 1 1 r 1000
1000 B B r 1000
1000 X X r 1000
1001 1 v r 1002
1001 0 v r 1003
1001 # # r 1004
1002 0 1 l 1005
1002 1 1 l 1005
1002 v 1 l 1005
1002 _ 1 l 1005
1002 B 1 l 1005
1002 X 1 l 1005
1005 0 0 l 1001
1005 1 1 l 1001
1005 v v l 1001
1005 _ _ l 1001
1005 B B l 1001
1005 X X l 1001
1003 0 0 l 1006
1003 1 0 l 1006
1003 v 0 l 1006
1003 _ 0 l 1006
1003 B 0 l 1006
1003 X 0 l 1006
1006 0 0 l 1001
1006 1 1 l 1001
1006 v v l 1001
1006 _ _ l 1001
1006 B B l 1001
1006 X X l 1001
1004 v B r 1007
1008 1 X l 1009
1008 0 X l 1010
1008 X X l 1008
1008 B B r halt-accept
1009 1 1 l 1009
1009 X X l 1009
1009 0 X r 1007
1010 0 0 l 1010
1010 X X l 1010
1010 1 X r 1007
1007 v v l 1008
1007 _ _ l 1008
1007 0 0 r 1007
1007 1 1 r 1007
1007 B B r 1007
1007 X X r 1007
